Namespace(align_suffix=None, alignfile=None, all_gather_list_size=16384, balance=False, bpe=None, cpu=False, criterion='cross_entropy', dataset_impl='mmap', destdir='cnn_dm-bin/', empty_cache_freq=0, fp16=False, fp16_init_scale=128, fp16_no_flatten_grads=False, fp16_scale_tolerance=0.0, fp16_scale_window=None, joined_dictionary=False, log_format=None, log_interval=1000, lr_scheduler='fixed', memory_efficient_fp16=False, min_loss_scale=0.0001, multi_views=False, no_progress_bar=False, nwordssrc=-1, nwordstgt=-1, only_source=False, optimizer='nag', padding_factor=8, seed=1, source_lang='source', srcdict='dict.txt', target_lang='target', task='translation', tensorboard_logdir='', testpref=None, tgtdict='dict.txt', threshold_loss_scale=None, thresholdsrc=0, thresholdtgt=0, tokenizer=None, trainpref='../data3/train_sent_trans_cons_label.bpe', user_dir=None, validpref='../data3/val_sent_trans_cons_label.bpe', workers=60)
[source] Dictionary: 50264 types
[source] ../data3/train_sent_trans_cons_label.bpe.source: 14732 sents, 2025471 tokens, 0.0% replaced by <unk>
[source] Dictionary: 50264 types
[source] ../data3/val_sent_trans_cons_label.bpe.source: 818 sents, 109599 tokens, 0.0% replaced by <unk>
[target] Dictionary: 50264 types
[target] ../data3/train_sent_trans_cons_label.bpe.target: 14732 sents, 387611 tokens, 0.0% replaced by <unk>
[target] Dictionary: 50264 types
[target] ../data3/val_sent_trans_cons_label.bpe.target: 818 sents, 21509 tokens, 0.0% replaced by <unk>
Wrote preprocessed data to cnn_dm-bin/
Namespace(align_suffix=None, alignfile=None, all_gather_list_size=16384, balance=False, bpe=None, cpu=False, criterion='cross_entropy', dataset_impl='mmap', destdir='cnn_dm-bin/', empty_cache_freq=0, fp16=False, fp16_init_scale=128, fp16_no_flatten_grads=False, fp16_scale_tolerance=0.0, fp16_scale_window=None, joined_dictionary=False, log_format=None, log_interval=1000, lr_scheduler='fixed', memory_efficient_fp16=False, min_loss_scale=0.0001, multi_views=False, no_progress_bar=False, nwordssrc=-1, nwordstgt=-1, only_source=False, optimizer='nag', padding_factor=8, seed=1, source_lang='source', srcdict='dict.txt', target_lang='target', task='translation', tensorboard_logdir='', testpref=None, tgtdict='dict.txt', threshold_loss_scale=None, thresholdsrc=0, thresholdtgt=0, tokenizer=None, trainpref='../data3/train_sent_trans_cons_label.bpe', user_dir=None, validpref='../data3/val_sent_trans_cons_label.bpe', workers=60)
[source] Dictionary: 50264 types
[source] ../data3/train_sent_trans_cons_label.bpe.source: 14732 sents, 2025471 tokens, 0.0% replaced by <unk>
[source] Dictionary: 50264 types
[source] ../data3/val_sent_trans_cons_label.bpe.source: 818 sents, 109599 tokens, 0.0% replaced by <unk>
[target] Dictionary: 50264 types
[target] ../data3/train_sent_trans_cons_label.bpe.target: 14732 sents, 387611 tokens, 0.0% replaced by <unk>
[target] Dictionary: 50264 types
[target] ../data3/val_sent_trans_cons_label.bpe.target: 818 sents, 21509 tokens, 0.0% replaced by <unk>
Wrote preprocessed data to cnn_dm-bin/
Namespace(align_suffix=None, alignfile=None, all_gather_list_size=16384, balance=False, bpe=None, cpu=False, criterion='cross_entropy', dataset_impl='mmap', destdir='cnn_dm-bin/', empty_cache_freq=0, fp16=False, fp16_init_scale=128, fp16_no_flatten_grads=False, fp16_scale_tolerance=0.0, fp16_scale_window=None, joined_dictionary=False, log_format=None, log_interval=1000, lr_scheduler='fixed', memory_efficient_fp16=False, min_loss_scale=0.0001, multi_views=False, no_progress_bar=False, nwordssrc=-1, nwordstgt=-1, only_source=False, optimizer='nag', padding_factor=8, seed=1, source_lang='source', srcdict='dict.txt', target_lang='target', task='translation', tensorboard_logdir='', testpref=None, tgtdict='dict.txt', threshold_loss_scale=None, thresholdsrc=0, thresholdtgt=0, tokenizer=None, trainpref='../data3/train_sent_trans_cons_label.bpe', user_dir=None, validpref='../data3/val_sent_trans_cons_label.bpe', workers=60)
[source] Dictionary: 50263 types
[source] ../data3/train_sent_trans_cons_label.bpe.source: 14732 sents, 2025471 tokens, 0.0% replaced by <unk>
[source] Dictionary: 50263 types
[source] ../data3/val_sent_trans_cons_label.bpe.source: 818 sents, 109599 tokens, 0.0% replaced by <unk>
[target] Dictionary: 50263 types
[target] ../data3/train_sent_trans_cons_label.bpe.target: 14732 sents, 387611 tokens, 0.0% replaced by <unk>
[target] Dictionary: 50263 types
[target] ../data3/val_sent_trans_cons_label.bpe.target: 818 sents, 21509 tokens, 0.0% replaced by <unk>
Wrote preprocessed data to cnn_dm-bin/
Namespace(align_suffix=None, alignfile=None, all_gather_list_size=16384, balance=False, bpe=None, cpu=False, criterion='cross_entropy', dataset_impl='mmap', destdir='cnn_dm-bin/', empty_cache_freq=0, fp16=False, fp16_init_scale=128, fp16_no_flatten_grads=False, fp16_scale_tolerance=0.0, fp16_scale_window=None, joined_dictionary=False, log_format=None, log_interval=1000, lr_scheduler='fixed', memory_efficient_fp16=False, min_loss_scale=0.0001, multi_views=False, no_progress_bar=False, nwordssrc=-1, nwordstgt=-1, only_source=False, optimizer='nag', padding_factor=8, seed=1, source_lang='source', srcdict='dict.txt', target_lang='target', task='translation', tensorboard_logdir='', testpref=None, tgtdict='dict.txt', threshold_loss_scale=None, thresholdsrc=0, thresholdtgt=0, tokenizer=None, trainpref='../data3/train_sent_trans_cons_label.bpe', user_dir=None, validpref='../data3/val_sent_trans_cons_label.bpe', workers=60)
[source] Dictionary: 50263 types
[source] ../data3/train_sent_trans_cons_label.bpe.source: 14731 sents, 2025469 tokens, 0.0% replaced by <unk>
[source] Dictionary: 50263 types
[source] ../data3/val_sent_trans_cons_label.bpe.source: 818 sents, 109599 tokens, 0.0% replaced by <unk>
[target] Dictionary: 50263 types
[target] ../data3/train_sent_trans_cons_label.bpe.target: 14731 sents, 387604 tokens, 0.0% replaced by <unk>
[target] Dictionary: 50263 types
[target] ../data3/val_sent_trans_cons_label.bpe.target: 818 sents, 21509 tokens, 0.0% replaced by <unk>
Wrote preprocessed data to cnn_dm-bin/
Namespace(align_suffix=None, alignfile=None, all_gather_list_size=16384, balance=False, bpe=None, cpu=False, criterion='cross_entropy', dataset_impl='mmap', destdir='cnn_dm-bin/', empty_cache_freq=0, fp16=False, fp16_init_scale=128, fp16_no_flatten_grads=False, fp16_scale_tolerance=0.0, fp16_scale_window=None, joined_dictionary=False, log_format=None, log_interval=1000, lr_scheduler='fixed', memory_efficient_fp16=False, min_loss_scale=0.0001, multi_views=False, no_progress_bar=False, nwordssrc=-1, nwordstgt=-1, only_source=False, optimizer='nag', padding_factor=8, seed=1, source_lang='source', srcdict='dict.txt', target_lang='target', task='translation', tensorboard_logdir='', testpref=None, tgtdict='dict.txt', threshold_loss_scale=None, thresholdsrc=0, thresholdtgt=0, tokenizer=None, trainpref='../data3/train_sent_trans_cons_label.bpe', user_dir=None, validpref='../data3/val_sent_trans_cons_label.bpe', workers=60)
[source] Dictionary: 50263 types
[source] ../data3/train_sent_trans_cons_label.bpe.source: 14731 sents, 2025471 tokens, 0.0% replaced by <unk>
[source] Dictionary: 50263 types
[source] ../data3/val_sent_trans_cons_label.bpe.source: 818 sents, 109600 tokens, 0.0% replaced by <unk>
[target] Dictionary: 50263 types
[target] ../data3/train_sent_trans_cons_label.bpe.target: 14731 sents, 387604 tokens, 0.0% replaced by <unk>
[target] Dictionary: 50263 types
[target] ../data3/val_sent_trans_cons_label.bpe.target: 818 sents, 21509 tokens, 0.0% replaced by <unk>
Wrote preprocessed data to cnn_dm-bin/
Namespace(align_suffix=None, alignfile=None, all_gather_list_size=16384, balance=False, bpe=None, cpu=False, criterion='cross_entropy', dataset_impl='mmap', destdir='cnn_dm-bin/', empty_cache_freq=0, fp16=False, fp16_init_scale=128, fp16_no_flatten_grads=False, fp16_scale_tolerance=0.0, fp16_scale_window=None, joined_dictionary=False, log_format=None, log_interval=1000, lr_scheduler='fixed', memory_efficient_fp16=False, min_loss_scale=0.0001, multi_views=False, no_progress_bar=False, nwordssrc=-1, nwordstgt=-1, only_source=False, optimizer='nag', padding_factor=8, seed=1, source_lang='source', srcdict='dict.txt', target_lang='target', task='translation', tensorboard_logdir='', testpref=None, tgtdict='dict.txt', threshold_loss_scale=None, thresholdsrc=0, thresholdtgt=0, tokenizer=None, trainpref='../data3/train_sent_trans_cons_label.bpe', user_dir=None, validpref='../data3/val_sent_trans_cons_label.bpe', workers=60)
[source] Dictionary: 50263 types
[source] ../data3/train_sent_trans_cons_label.bpe.source: 14731 sents, 2123391 tokens, 0.0% replaced by <unk>
[source] Dictionary: 50263 types
[source] ../data3/val_sent_trans_cons_label.bpe.source: 818 sents, 114982 tokens, 0.0% replaced by <unk>
[target] Dictionary: 50263 types
[target] ../data3/train_sent_trans_cons_label.bpe.target: 14731 sents, 387604 tokens, 0.0% replaced by <unk>
[target] Dictionary: 50263 types
[target] ../data3/val_sent_trans_cons_label.bpe.target: 818 sents, 21509 tokens, 0.0% replaced by <unk>
Wrote preprocessed data to cnn_dm-bin/
Namespace(align_suffix=None, alignfile=None, all_gather_list_size=16384, balance=False, bpe=None, cpu=False, criterion='cross_entropy', dataset_impl='mmap', destdir='cnn_dm-bin/', empty_cache_freq=0, fp16=False, fp16_init_scale=128, fp16_no_flatten_grads=False, fp16_scale_tolerance=0.0, fp16_scale_window=None, joined_dictionary=False, log_format=None, log_interval=1000, lr_scheduler='fixed', lr_weight=1, memory_efficient_fp16=False, min_loss_scale=0.0001, multi_views=False, no_progress_bar=False, nwordssrc=-1, nwordstgt=-1, only_source=False, optimizer='nag', padding_factor=8, seed=1, source_lang='source', srcdict='dict.txt', target_lang='target', task='translation', tensorboard_logdir='', testpref=None, tgtdict='dict.txt', threshold_loss_scale=None, thresholdsrc=0, thresholdtgt=0, tokenizer=None, trainpref='../data3/train_sent_trans_cons_label.bpe', user_dir=None, validpref='../data3/val_sent_trans_cons_label.bpe', workers=60)
[source] Dictionary: 50263 types
[source] ../data3/train_sent_trans_cons_label.bpe.source: 14732 sents, 2013433 tokens, 0.0% replaced by <unk>
[source] Dictionary: 50263 types
[source] ../data3/val_sent_trans_cons_label.bpe.source: 818 sents, 109191 tokens, 0.0% replaced by <unk>
[target] Dictionary: 50263 types
[target] ../data3/train_sent_trans_cons_label.bpe.target: 14732 sents, 387611 tokens, 0.0% replaced by <unk>
[target] Dictionary: 50263 types
[target] ../data3/val_sent_trans_cons_label.bpe.target: 818 sents, 21509 tokens, 0.0% replaced by <unk>
Wrote preprocessed data to cnn_dm-bin/
Namespace(align_suffix=None, alignfile=None, all_gather_list_size=16384, balance=False, bpe=None, cpu=False, criterion='cross_entropy', dataset_impl='mmap', destdir='cnn_dm-bin/', empty_cache_freq=0, fp16=False, fp16_init_scale=128, fp16_no_flatten_grads=False, fp16_scale_tolerance=0.0, fp16_scale_window=None, joined_dictionary=False, log_format=None, log_interval=1000, lr_scheduler='fixed', lr_weight=1, memory_efficient_fp16=False, min_loss_scale=0.0001, multi_views=False, no_progress_bar=False, nwordssrc=-1, nwordstgt=-1, only_source=False, optimizer='nag', padding_factor=8, seed=1, source_lang='source', srcdict='dict.txt', target_lang='target', task='translation', tensorboard_logdir='', testpref=None, tgtdict='dict.txt', threshold_loss_scale=None, thresholdsrc=0, thresholdtgt=0, tokenizer=None, trainpref='../data3/train_sent_trans_cons_label.bpe', user_dir=None, validpref='../data3/val_sent_trans_cons_label.bpe', workers=60)
[source] Dictionary: 50263 types
[source] ../data3/train_sent_trans_cons_label.bpe.source: 14732 sents, 2013433 tokens, 0.0% replaced by <unk>
[source] Dictionary: 50263 types
[source] ../data3/val_sent_trans_cons_label.bpe.source: 818 sents, 109191 tokens, 0.0% replaced by <unk>
[target] Dictionary: 50263 types
[target] ../data3/train_sent_trans_cons_label.bpe.target: 14732 sents, 387611 tokens, 0.0% replaced by <unk>
[target] Dictionary: 50263 types
[target] ../data3/val_sent_trans_cons_label.bpe.target: 818 sents, 21509 tokens, 0.0% replaced by <unk>
Wrote preprocessed data to cnn_dm-bin/
Namespace(align_suffix=None, alignfile=None, all_gather_list_size=16384, balance=False, bpe=None, cpu=False, criterion='cross_entropy', dataset_impl='mmap', destdir='cnn_dm-bin/', empty_cache_freq=0, fp16=False, fp16_init_scale=128, fp16_no_flatten_grads=False, fp16_scale_tolerance=0.0, fp16_scale_window=None, joined_dictionary=False, log_format=None, log_interval=1000, lr_scheduler='fixed', lr_weight=1, memory_efficient_fp16=False, min_loss_scale=0.0001, multi_views=False, no_progress_bar=False, nwordssrc=-1, nwordstgt=-1, only_source=False, optimizer='nag', padding_factor=8, seed=1, source_lang='source', srcdict='dict.txt', target_lang='target', task='translation', tensorboard_logdir='', testpref=None, tgtdict='dict.txt', threshold_loss_scale=None, thresholdsrc=0, thresholdtgt=0, tokenizer=None, trainpref='../data3/train_sent_trans_cons_label.bpe', user_dir=None, validpref='../data3/val_sent_trans_cons_label.bpe', workers=60)
[source] Dictionary: 50263 types
[source] ../data3/train_sent_trans_cons_label.bpe.source: 14731 sents, 2025469 tokens, 0.0% replaced by <unk>
[source] Dictionary: 50263 types
[source] ../data3/val_sent_trans_cons_label.bpe.source: 818 sents, 109599 tokens, 0.0% replaced by <unk>
[target] Dictionary: 50263 types
[target] ../data3/train_sent_trans_cons_label.bpe.target: 14731 sents, 387604 tokens, 0.0% replaced by <unk>
[target] Dictionary: 50263 types
[target] ../data3/val_sent_trans_cons_label.bpe.target: 818 sents, 21509 tokens, 0.0% replaced by <unk>
Wrote preprocessed data to cnn_dm-bin/
Namespace(align_suffix=None, alignfile=None, all_gather_list_size=16384, balance=False, bpe=None, cpu=False, criterion='cross_entropy', dataset_impl='mmap', destdir='cnn_dm-bin/', empty_cache_freq=0, fp16=False, fp16_init_scale=128, fp16_no_flatten_grads=False, fp16_scale_tolerance=0.0, fp16_scale_window=None, joined_dictionary=False, log_format=None, log_interval=1000, lr_scheduler='fixed', lr_weight=1, memory_efficient_fp16=False, min_loss_scale=0.0001, multi_views=False, no_progress_bar=False, nwordssrc=-1, nwordstgt=-1, only_source=False, optimizer='nag', padding_factor=8, seed=1, source_lang='source', srcdict='dict.txt', target_lang='target', task='translation', tensorboard_logdir='', testpref=None, tgtdict='dict.txt', threshold_loss_scale=None, thresholdsrc=0, thresholdtgt=0, tokenizer=None, trainpref='../data3/train_sent_trans_cons_label.bpe', user_dir=None, validpref='../data3/val_sent_trans_cons_label.bpe', workers=60)
[source] Dictionary: 50263 types
[source] ../data3/train_sent_trans_cons_label.bpe.source: 14731 sents, 2013431 tokens, 0.0% replaced by <unk>
[source] Dictionary: 50263 types
[source] ../data3/val_sent_trans_cons_label.bpe.source: 818 sents, 109191 tokens, 0.0% replaced by <unk>
[target] Dictionary: 50263 types
[target] ../data3/train_sent_trans_cons_label.bpe.target: 14731 sents, 387604 tokens, 0.0% replaced by <unk>
[target] Dictionary: 50263 types
[target] ../data3/val_sent_trans_cons_label.bpe.target: 818 sents, 21509 tokens, 0.0% replaced by <unk>
Wrote preprocessed data to cnn_dm-bin/
Namespace(align_suffix=None, alignfile=None, all_gather_list_size=16384, balance=False, bpe=None, cpu=False, criterion='cross_entropy', dataset_impl='mmap', destdir='cnn_dm-bin/', empty_cache_freq=0, fp16=False, fp16_init_scale=128, fp16_no_flatten_grads=False, fp16_scale_tolerance=0.0, fp16_scale_window=None, joined_dictionary=False, log_format=None, log_interval=1000, lr_scheduler='fixed', lr_weight=1, memory_efficient_fp16=False, min_loss_scale=0.0001, multi_views=False, no_progress_bar=False, nwordssrc=-1, nwordstgt=-1, only_source=False, optimizer='nag', padding_factor=8, seed=1, source_lang='source', srcdict='dict.txt', target_lang='target', task='translation', tensorboard_logdir='', testpref=None, tgtdict='dict.txt', threshold_loss_scale=None, thresholdsrc=0, thresholdtgt=0, tokenizer=None, trainpref='../data3/train_sent_trans_cons_label.bpe', user_dir=None, validpref='../data3/val_sent_trans_cons_label.bpe', workers=60)
[source] Dictionary: 50263 types
[source] ../data3/train_sent_trans_cons_label.bpe.source: 14731 sents, 2013431 tokens, 0.0% replaced by <unk>
[source] Dictionary: 50263 types
[source] ../data3/val_sent_trans_cons_label.bpe.source: 818 sents, 109191 tokens, 0.0% replaced by <unk>
[target] Dictionary: 50263 types
[target] ../data3/train_sent_trans_cons_label.bpe.target: 14731 sents, 387604 tokens, 0.0% replaced by <unk>
[target] Dictionary: 50263 types
[target] ../data3/val_sent_trans_cons_label.bpe.target: 818 sents, 21509 tokens, 0.0% replaced by <unk>
Wrote preprocessed data to cnn_dm-bin/
Namespace(align_suffix=None, alignfile=None, all_gather_list_size=16384, balance=False, bpe=None, cpu=False, criterion='cross_entropy', dataset_impl='mmap', destdir='cnn_dm-bin/', empty_cache_freq=0, fp16=False, fp16_init_scale=128, fp16_no_flatten_grads=False, fp16_scale_tolerance=0.0, fp16_scale_window=None, joined_dictionary=False, log_format=None, log_interval=1000, lr_scheduler='fixed', lr_weight=1, memory_efficient_fp16=False, min_loss_scale=0.0001, multi_views=False, no_progress_bar=False, nwordssrc=-1, nwordstgt=-1, only_source=False, optimizer='nag', padding_factor=8, seed=1, source_lang='source', srcdict='dict.txt', target_lang='target', task='translation', tensorboard_logdir='', testpref=None, tgtdict='dict.txt', threshold_loss_scale=None, thresholdsrc=0, thresholdtgt=0, tokenizer=None, trainpref='../data3/train_sent_trans_cons_label.bpe', user_dir=None, validpref='../data3/val_sent_trans_cons_label.bpe', workers=60)
[source] Dictionary: 50263 types
[source] ../data3/train_sent_trans_cons_label.bpe.source: 14731 sents, 2013420 tokens, 0.0% replaced by <unk>
[source] Dictionary: 50263 types
[source] ../data3/val_sent_trans_cons_label.bpe.source: 818 sents, 109192 tokens, 0.0% replaced by <unk>
[target] Dictionary: 50263 types
[target] ../data3/train_sent_trans_cons_label.bpe.target: 14731 sents, 387604 tokens, 0.0% replaced by <unk>
[target] Dictionary: 50263 types
[target] ../data3/val_sent_trans_cons_label.bpe.target: 818 sents, 21509 tokens, 0.0% replaced by <unk>
Wrote preprocessed data to cnn_dm-bin/
Namespace(align_suffix=None, alignfile=None, all_gather_list_size=16384, balance=False, bpe=None, cpu=False, criterion='cross_entropy', dataset_impl='mmap', destdir='cnn_dm-bin/', empty_cache_freq=0, fp16=False, fp16_init_scale=128, fp16_no_flatten_grads=False, fp16_scale_tolerance=0.0, fp16_scale_window=None, joined_dictionary=False, log_format=None, log_interval=1000, lr_scheduler='fixed', lr_weight=1, memory_efficient_fp16=False, min_loss_scale=0.0001, multi_views=False, no_progress_bar=False, nwordssrc=-1, nwordstgt=-1, only_source=False, optimizer='nag', padding_factor=8, seed=1, source_lang='source', srcdict='dict.txt', target_lang='target', task='translation', tensorboard_logdir='', testpref=None, tgtdict='dict.txt', threshold_loss_scale=None, thresholdsrc=0, thresholdtgt=0, tokenizer=None, trainpref='../data3/train_sent_trans_cons_label.bpe', user_dir=None, validpref='../data3/val_sent_trans_cons_label.bpe', workers=60)
[source] Dictionary: 50263 types
[source] ../data3/train_sent_trans_cons_label.bpe.source: 14731 sents, 2111340 tokens, 0.0% replaced by <unk>
[source] Dictionary: 50263 types
[source] ../data3/val_sent_trans_cons_label.bpe.source: 818 sents, 114574 tokens, 0.0% replaced by <unk>
[target] Dictionary: 50263 types
[target] ../data3/train_sent_trans_cons_label.bpe.target: 14731 sents, 387604 tokens, 0.0% replaced by <unk>
[target] Dictionary: 50263 types
[target] ../data3/val_sent_trans_cons_label.bpe.target: 818 sents, 21509 tokens, 0.0% replaced by <unk>
Wrote preprocessed data to cnn_dm-bin/
Namespace(align_suffix=None, alignfile=None, all_gather_list_size=16384, balance=False, bpe=None, cpu=False, criterion='cross_entropy', dataset_impl='mmap', destdir='cnn_dm-bin/', empty_cache_freq=0, fp16=False, fp16_init_scale=128, fp16_no_flatten_grads=False, fp16_scale_tolerance=0.0, fp16_scale_window=None, joined_dictionary=False, log_format=None, log_interval=1000, lr_scheduler='fixed', lr_weight=1, memory_efficient_fp16=False, min_loss_scale=0.0001, multi_views=False, no_progress_bar=False, nwordssrc=-1, nwordstgt=-1, only_source=False, optimizer='nag', padding_factor=8, seed=1, source_lang='source', srcdict='dict.txt', target_lang='target', task='translation', tensorboard_logdir='', testpref=None, tgtdict='dict.txt', threshold_loss_scale=None, thresholdsrc=0, thresholdtgt=0, tokenizer=None, trainpref='../data3/train_sent_trans_cons_label.bpe', user_dir=None, validpref='../data3/val_sent_trans_cons_label.bpe', workers=60)
[source] Dictionary: 50263 types
[source] ../data3/train_sent_trans_cons_label.bpe.source: 14731 sents, 2013420 tokens, 0.0% replaced by <unk>
[source] Dictionary: 50263 types
[source] ../data3/val_sent_trans_cons_label.bpe.source: 818 sents, 109192 tokens, 0.0% replaced by <unk>
[target] Dictionary: 50263 types
[target] ../data3/train_sent_trans_cons_label.bpe.target: 14731 sents, 387604 tokens, 0.0% replaced by <unk>
[target] Dictionary: 50263 types
[target] ../data3/val_sent_trans_cons_label.bpe.target: 818 sents, 21509 tokens, 0.0% replaced by <unk>
Wrote preprocessed data to cnn_dm-bin/
Namespace(align_suffix=None, alignfile=None, all_gather_list_size=16384, balance=False, bpe=None, cpu=False, criterion='cross_entropy', dataset_impl='mmap', destdir='cnn_dm-bin/', empty_cache_freq=0, fp16=False, fp16_init_scale=128, fp16_no_flatten_grads=False, fp16_scale_tolerance=0.0, fp16_scale_window=None, joined_dictionary=False, log_format=None, log_interval=1000, lr_scheduler='fixed', lr_weight=1, memory_efficient_fp16=False, min_loss_scale=0.0001, multi_views=False, no_progress_bar=False, nwordssrc=-1, nwordstgt=-1, only_source=False, optimizer='nag', padding_factor=8, seed=1, source_lang='source', srcdict='dict.txt', target_lang='target', task='translation', tensorboard_logdir='', testpref=None, tgtdict='dict.txt', threshold_loss_scale=None, thresholdsrc=0, thresholdtgt=0, tokenizer=None, trainpref='../data3/train_sent_c99_label.bpe', user_dir=None, validpref='../data3/val_sent_c99_label.bpe', workers=60)
[source] Dictionary: 50263 types
[source] ../data3/train_sent_c99_label.bpe.source: 14731 sents, 2046882 tokens, 0.0% replaced by <unk>
[source] Dictionary: 50263 types
[source] ../data3/val_sent_c99_label.bpe.source: 818 sents, 110677 tokens, 0.0% replaced by <unk>
[target] Dictionary: 50263 types
[target] ../data3/train_sent_c99_label.bpe.target: 14731 sents, 387604 tokens, 0.0% replaced by <unk>
[target] Dictionary: 50263 types
[target] ../data3/val_sent_c99_label.bpe.target: 818 sents, 21509 tokens, 0.0% replaced by <unk>
Wrote preprocessed data to cnn_dm-bin/
Namespace(align_suffix=None, alignfile=None, all_gather_list_size=16384, balance=False, bpe=None, cpu=False, criterion='cross_entropy', dataset_impl='mmap', destdir='cnn_dm-bin/', empty_cache_freq=0, fp16=False, fp16_init_scale=128, fp16_no_flatten_grads=False, fp16_scale_tolerance=0.0, fp16_scale_window=None, joined_dictionary=False, log_format=None, log_interval=1000, lr_scheduler='fixed', lr_weight=1, memory_efficient_fp16=False, min_loss_scale=0.0001, multi_views=False, no_progress_bar=False, nwordssrc=-1, nwordstgt=-1, only_source=False, optimizer='nag', padding_factor=8, seed=1, source_lang='source', srcdict='dict.txt', target_lang='target', task='translation', tensorboard_logdir='', testpref=None, tgtdict='dict.txt', threshold_loss_scale=None, thresholdsrc=0, thresholdtgt=0, tokenizer=None, trainpref='../data3/train_sent_trans_cons_label.bpe', user_dir=None, validpref='../data3/val_sent_trans_cons_label.bpe', workers=60)
[source] Dictionary: 50263 types
[source] ../data3/train_sent_trans_cons_label.bpe.source: 14731 sents, 2013420 tokens, 0.0% replaced by <unk>
[source] Dictionary: 50263 types
[source] ../data3/val_sent_trans_cons_label.bpe.source: 818 sents, 109192 tokens, 0.0% replaced by <unk>
[target] Dictionary: 50263 types
[target] ../data3/train_sent_trans_cons_label.bpe.target: 14731 sents, 387604 tokens, 0.0% replaced by <unk>
[target] Dictionary: 50263 types
[target] ../data3/val_sent_trans_cons_label.bpe.target: 818 sents, 21509 tokens, 0.0% replaced by <unk>
Wrote preprocessed data to cnn_dm-bin/
Namespace(T=1, align_suffix=None, alignfile=None, all_gather_list_size=16384, balance=False, bpe=None, cpu=False, criterion='cross_entropy', dataset_impl='mmap', destdir='cnn_dm-bin/', empty_cache_freq=0, fp16=False, fp16_init_scale=128, fp16_no_flatten_grads=False, fp16_scale_tolerance=0.0, fp16_scale_window=None, joined_dictionary=False, log_format=None, log_interval=1000, lr_scheduler='fixed', lr_weight=1, memory_efficient_fp16=False, min_loss_scale=0.0001, multi_views=False, no_progress_bar=False, nwordssrc=-1, nwordstgt=-1, only_source=False, optimizer='nag', padding_factor=8, seed=14632, source_lang='source', srcdict='dict.txt', target_lang='target', task='translation', tensorboard_logdir='', testpref=None, tgtdict='dict.txt', threshold_loss_scale=None, thresholdsrc=0, thresholdtgt=0, tokenizer=None, trainpref='../data/train_sent_c99_label.bpe', user_dir=None, validpref='../data/val_sent_c99_label.bpe', workers=60)
[source] Dictionary: 50263 types
[source] ../data/train_sent_c99_label.bpe.source: 14731 sents, 2047006 tokens, 0.0% replaced by <unk>
[source] Dictionary: 50263 types
[source] ../data/val_sent_c99_label.bpe.source: 818 sents, 110699 tokens, 0.0% replaced by <unk>
[target] Dictionary: 50263 types
[target] ../data/train_sent_c99_label.bpe.target: 14731 sents, 387604 tokens, 0.0% replaced by <unk>
[target] Dictionary: 50263 types
[target] ../data/val_sent_c99_label.bpe.target: 818 sents, 21509 tokens, 0.0% replaced by <unk>
Wrote preprocessed data to cnn_dm-bin/
Namespace(T=1, align_suffix=None, alignfile=None, all_gather_list_size=16384, balance=False, bpe=None, cpu=False, criterion='cross_entropy', dataset_impl='mmap', destdir='cnn_dm-bin/', empty_cache_freq=0, fp16=False, fp16_init_scale=128, fp16_no_flatten_grads=False, fp16_scale_tolerance=0.0, fp16_scale_window=None, joined_dictionary=False, log_format=None, log_interval=1000, lr_scheduler='fixed', lr_weight=1, memory_efficient_fp16=False, min_loss_scale=0.0001, multi_views=False, no_progress_bar=False, nwordssrc=-1, nwordstgt=-1, only_source=False, optimizer='nag', padding_factor=8, seed=14632, source_lang='source', srcdict='dict.txt', target_lang='target', task='translation', tensorboard_logdir='', testpref=None, tgtdict='dict.txt', threshold_loss_scale=None, thresholdsrc=0, thresholdtgt=0, tokenizer=None, trainpref='../data/train_sent_c99_label.bpe', user_dir=None, validpref='../data/val_sent_c99_label.bpe', workers=60)
[source] Dictionary: 50263 types
[source] ../data/train_sent_c99_label.bpe.source: 100 sents, 14963 tokens, 0.0% replaced by <unk>
[source] Dictionary: 50263 types
[source] ../data/val_sent_c99_label.bpe.source: 10 sents, 1670 tokens, 0.0% replaced by <unk>
[target] Dictionary: 50263 types
[target] ../data/train_sent_c99_label.bpe.target: 100 sents, 2691 tokens, 0.0% replaced by <unk>
[target] Dictionary: 50263 types
[target] ../data/val_sent_c99_label.bpe.target: 10 sents, 243 tokens, 0.0% replaced by <unk>
Wrote preprocessed data to cnn_dm-bin/
Namespace(T=1, align_suffix=None, alignfile=None, all_gather_list_size=16384, balance=False, bpe=None, cpu=False, criterion='cross_entropy', dataset_impl='mmap', destdir='cnn_dm-bin/', empty_cache_freq=0, fp16=False, fp16_init_scale=128, fp16_no_flatten_grads=False, fp16_scale_tolerance=0.0, fp16_scale_window=None, joined_dictionary=False, log_format=None, log_interval=1000, lr_scheduler='fixed', lr_weight=1, memory_efficient_fp16=False, min_loss_scale=0.0001, multi_views=False, no_progress_bar=False, nwordssrc=-1, nwordstgt=-1, only_source=False, optimizer='nag', padding_factor=8, seed=14632, source_lang='source', srcdict='dict.txt', target_lang='target', task='translation', tensorboard_logdir='', testpref=None, tgtdict='dict.txt', threshold_loss_scale=None, thresholdsrc=0, thresholdtgt=0, tokenizer=None, trainpref='../data/train_sent_c99_label.bpe', user_dir=None, validpref='../data/val_sent_c99_label.bpe', workers=60)
[source] Dictionary: 50263 types
[source] ../data/train_sent_c99_label.bpe.source: 100 sents, 14963 tokens, 0.0% replaced by <unk>
[source] Dictionary: 50263 types
[source] ../data/val_sent_c99_label.bpe.source: 10 sents, 1670 tokens, 0.0% replaced by <unk>
[target] Dictionary: 50263 types
[target] ../data/train_sent_c99_label.bpe.target: 100 sents, 2691 tokens, 0.0% replaced by <unk>
[target] Dictionary: 50263 types
[target] ../data/val_sent_c99_label.bpe.target: 10 sents, 243 tokens, 0.0% replaced by <unk>
Wrote preprocessed data to cnn_dm-bin/
Namespace(T=1, align_suffix=None, alignfile=None, all_gather_list_size=16384, balance=False, bpe=None, cpu=False, criterion='cross_entropy', dataset_impl='mmap', destdir='cnn_dm-bin/', empty_cache_freq=0, fp16=False, fp16_init_scale=128, fp16_no_flatten_grads=False, fp16_scale_tolerance=0.0, fp16_scale_window=None, joined_dictionary=False, log_format=None, log_interval=1000, lr_scheduler='fixed', lr_weight=1, memory_efficient_fp16=False, min_loss_scale=0.0001, multi_views=False, no_progress_bar=False, nwordssrc=-1, nwordstgt=-1, only_source=False, optimizer='nag', padding_factor=8, seed=14632, source_lang='source', srcdict='dict.txt', target_lang='target', task='translation', tensorboard_logdir='', testpref=None, tgtdict='dict.txt', threshold_loss_scale=None, thresholdsrc=0, thresholdtgt=0, tokenizer=None, trainpref='../data/train_sent_c99_label.bpe', user_dir=None, validpref='../data/val_sent_c99_label.bpe', workers=60)
[source] Dictionary: 50263 types
[source] ../data/train_sent_c99_label.bpe.source: 100 sents, 14963 tokens, 0.0% replaced by <unk>
[source] Dictionary: 50263 types
[source] ../data/val_sent_c99_label.bpe.source: 10 sents, 1670 tokens, 0.0% replaced by <unk>
[target] Dictionary: 50263 types
[target] ../data/train_sent_c99_label.bpe.target: 100 sents, 2691 tokens, 0.0% replaced by <unk>
[target] Dictionary: 50263 types
[target] ../data/val_sent_c99_label.bpe.target: 10 sents, 243 tokens, 0.0% replaced by <unk>
Wrote preprocessed data to cnn_dm-bin/
Namespace(T=1, align_suffix=None, alignfile=None, all_gather_list_size=16384, balance=False, bpe=None, cpu=False, criterion='cross_entropy', dataset_impl='mmap', destdir='cnn_dm-bin/', empty_cache_freq=0, fp16=False, fp16_init_scale=128, fp16_no_flatten_grads=False, fp16_scale_tolerance=0.0, fp16_scale_window=None, joined_dictionary=False, log_format=None, log_interval=1000, lr_scheduler='fixed', lr_weight=1, memory_efficient_fp16=False, min_loss_scale=0.0001, multi_views=False, no_progress_bar=False, nwordssrc=-1, nwordstgt=-1, only_source=False, optimizer='nag', padding_factor=8, seed=14632, source_lang='source', srcdict='dict.txt', target_lang='target', task='translation', tensorboard_logdir='', testpref=None, tgtdict='dict.txt', threshold_loss_scale=None, thresholdsrc=0, thresholdtgt=0, tokenizer=None, trainpref='../data/train_sent_c99_label.bpe', user_dir=None, validpref='../data/val_sent_c99_label.bpe', workers=60)
[source] Dictionary: 50263 types
[source] ../data/train_sent_c99_label.bpe.source: 20 sents, 296 tokens, 0.0% replaced by <unk>
[source] Dictionary: 50263 types
[source] ../data/val_sent_c99_label.bpe.source: 10 sents, 1670 tokens, 0.0% replaced by <unk>
[target] Dictionary: 50263 types
[target] ../data/train_sent_c99_label.bpe.target: 20 sents, 484 tokens, 0.0% replaced by <unk>
[target] Dictionary: 50263 types
[target] ../data/val_sent_c99_label.bpe.target: 10 sents, 243 tokens, 0.0% replaced by <unk>
Wrote preprocessed data to cnn_dm-bin/
Namespace(T=1, align_suffix=None, alignfile=None, all_gather_list_size=16384, balance=False, bpe=None, cpu=False, criterion='cross_entropy', dataset_impl='mmap', destdir='cnn_dm-bin/', empty_cache_freq=0, fp16=False, fp16_init_scale=128, fp16_no_flatten_grads=False, fp16_scale_tolerance=0.0, fp16_scale_window=None, joined_dictionary=False, log_format=None, log_interval=1000, lr_scheduler='fixed', lr_weight=1, memory_efficient_fp16=False, min_loss_scale=0.0001, multi_views=False, no_progress_bar=False, nwordssrc=-1, nwordstgt=-1, only_source=False, optimizer='nag', padding_factor=8, seed=14632, source_lang='source', srcdict='dict.txt', target_lang='target', task='translation', tensorboard_logdir='', testpref=None, tgtdict='dict.txt', threshold_loss_scale=None, thresholdsrc=0, thresholdtgt=0, tokenizer=None, trainpref='../data/train_sent_c99_label.bpe', user_dir=None, validpref='../data/val_sent_c99_label.bpe', workers=60)
[source] Dictionary: 50263 types
[source] ../data/train_sent_c99_label.bpe.source: 20 sents, 876 tokens, 0.0% replaced by <unk>
[source] Dictionary: 50263 types
[source] ../data/val_sent_c99_label.bpe.source: 10 sents, 1670 tokens, 0.0% replaced by <unk>
[target] Dictionary: 50263 types
[target] ../data/train_sent_c99_label.bpe.target: 20 sents, 484 tokens, 0.0% replaced by <unk>
[target] Dictionary: 50263 types
[target] ../data/val_sent_c99_label.bpe.target: 10 sents, 243 tokens, 0.0% replaced by <unk>
Wrote preprocessed data to cnn_dm-bin/
Namespace(T=1, align_suffix=None, alignfile=None, all_gather_list_size=16384, balance=False, bpe=None, cpu=False, criterion='cross_entropy', dataset_impl='mmap', destdir='cnn_dm-bin/', empty_cache_freq=0, fp16=False, fp16_init_scale=128, fp16_no_flatten_grads=False, fp16_scale_tolerance=0.0, fp16_scale_window=None, joined_dictionary=False, log_format=None, log_interval=1000, lr_scheduler='fixed', lr_weight=1, memory_efficient_fp16=False, min_loss_scale=0.0001, multi_views=False, no_progress_bar=False, nwordssrc=-1, nwordstgt=-1, only_source=False, optimizer='nag', padding_factor=8, seed=14632, source_lang='source', srcdict='dict.txt', target_lang='target', task='translation', tensorboard_logdir='', testpref=None, tgtdict='dict.txt', threshold_loss_scale=None, thresholdsrc=0, thresholdtgt=0, tokenizer=None, trainpref='../data/train_sent_c99_label.bpe', user_dir=None, validpref='../data/val_sent_c99_label.bpe', workers=60)
[source] Dictionary: 50263 types
[source] ../data/train_sent_c99_label.bpe.source: 20 sents, 896 tokens, 0.0% replaced by <unk>
[source] Dictionary: 50263 types
[source] ../data/val_sent_c99_label.bpe.source: 10 sents, 1670 tokens, 0.0% replaced by <unk>
[target] Dictionary: 50263 types
[target] ../data/train_sent_c99_label.bpe.target: 20 sents, 484 tokens, 0.0% replaced by <unk>
[target] Dictionary: 50263 types
[target] ../data/val_sent_c99_label.bpe.target: 10 sents, 243 tokens, 0.0% replaced by <unk>
Wrote preprocessed data to cnn_dm-bin/
Namespace(T=1, align_suffix=None, alignfile=None, all_gather_list_size=16384, balance=False, bpe=None, cpu=False, criterion='cross_entropy', dataset_impl='mmap', destdir='cnn_dm-bin/', empty_cache_freq=0, fp16=False, fp16_init_scale=128, fp16_no_flatten_grads=False, fp16_scale_tolerance=0.0, fp16_scale_window=None, joined_dictionary=False, log_format=None, log_interval=1000, lr_scheduler='fixed', lr_weight=1, memory_efficient_fp16=False, min_loss_scale=0.0001, multi_views=False, no_progress_bar=False, nwordssrc=-1, nwordstgt=-1, only_source=False, optimizer='nag', padding_factor=8, seed=14632, source_lang='source', srcdict='dict.txt', target_lang='target', task='translation', tensorboard_logdir='', testpref=None, tgtdict='dict.txt', threshold_loss_scale=None, thresholdsrc=0, thresholdtgt=0, tokenizer=None, trainpref='../data/train_sent_c99_label.bpe', user_dir=None, validpref='../data/val_sent_c99_label.bpe', workers=60)
[source] Dictionary: 50263 types
[source] ../data/train_sent_c99_label.bpe.source: 20 sents, 2542 tokens, 0.0% replaced by <unk>
[source] Dictionary: 50263 types
[source] ../data/val_sent_c99_label.bpe.source: 10 sents, 1670 tokens, 0.0% replaced by <unk>
[target] Dictionary: 50263 types
[target] ../data/train_sent_c99_label.bpe.target: 20 sents, 496 tokens, 0.0% replaced by <unk>
[target] Dictionary: 50263 types
[target] ../data/val_sent_c99_label.bpe.target: 10 sents, 243 tokens, 0.0% replaced by <unk>
Wrote preprocessed data to cnn_dm-bin/
Namespace(T=1, align_suffix=None, alignfile=None, all_gather_list_size=16384, balance=False, bpe=None, cpu=False, criterion='cross_entropy', dataset_impl='mmap', destdir='cnn_dm-bin/', empty_cache_freq=0, fp16=False, fp16_init_scale=128, fp16_no_flatten_grads=False, fp16_scale_tolerance=0.0, fp16_scale_window=None, joined_dictionary=False, log_format=None, log_interval=1000, lr_scheduler='fixed', lr_weight=1, memory_efficient_fp16=False, min_loss_scale=0.0001, multi_views=False, no_progress_bar=False, nwordssrc=-1, nwordstgt=-1, only_source=False, optimizer='nag', padding_factor=8, seed=14632, source_lang='source', srcdict='dict.txt', target_lang='target', task='translation', tensorboard_logdir='', testpref=None, tgtdict='dict.txt', threshold_loss_scale=None, thresholdsrc=0, thresholdtgt=0, tokenizer=None, trainpref='../data/train_sent_c99_label.bpe', user_dir=None, validpref='../data/val_sent_c99_label.bpe', workers=60)
[source] Dictionary: 50263 types
[source] ../data/train_sent_c99_label.bpe.source: 10 sents, 448 tokens, 0.0% replaced by <unk>
[source] Dictionary: 50263 types
[source] ../data/val_sent_c99_label.bpe.source: 10 sents, 1670 tokens, 0.0% replaced by <unk>
[target] Dictionary: 50263 types
[target] ../data/train_sent_c99_label.bpe.target: 10 sents, 242 tokens, 0.0% replaced by <unk>
[target] Dictionary: 50263 types
[target] ../data/val_sent_c99_label.bpe.target: 10 sents, 243 tokens, 0.0% replaced by <unk>
Wrote preprocessed data to cnn_dm-bin/
Namespace(T=1, align_suffix=None, alignfile=None, all_gather_list_size=16384, balance=False, bpe=None, cpu=False, criterion='cross_entropy', dataset_impl='mmap', destdir='cnn_dm-bin/', empty_cache_freq=0, fp16=False, fp16_init_scale=128, fp16_no_flatten_grads=False, fp16_scale_tolerance=0.0, fp16_scale_window=None, joined_dictionary=False, log_format=None, log_interval=1000, lr_scheduler='fixed', lr_weight=1, memory_efficient_fp16=False, min_loss_scale=0.0001, multi_views=False, no_progress_bar=False, nwordssrc=-1, nwordstgt=-1, only_source=False, optimizer='nag', padding_factor=8, seed=14632, source_lang='source', srcdict='dict.txt', target_lang='target', task='translation', tensorboard_logdir='', testpref=None, tgtdict='dict.txt', threshold_loss_scale=None, thresholdsrc=0, thresholdtgt=0, tokenizer=None, trainpref='../data/train_sent_c99_label.bpe', user_dir=None, validpref='../data/val_sent_c99_label.bpe', workers=60)
[source] Dictionary: 50263 types
[source] ../data/train_sent_c99_label.bpe.source: 10 sents, 448 tokens, 0.0% replaced by <unk>
[source] Dictionary: 50263 types
[source] ../data/val_sent_c99_label.bpe.source: 10 sents, 448 tokens, 0.0% replaced by <unk>
[target] Dictionary: 50263 types
[target] ../data/train_sent_c99_label.bpe.target: 10 sents, 242 tokens, 0.0% replaced by <unk>
[target] Dictionary: 50263 types
[target] ../data/val_sent_c99_label.bpe.target: 10 sents, 242 tokens, 0.0% replaced by <unk>
Wrote preprocessed data to cnn_dm-bin/
Namespace(T=1, align_suffix=None, alignfile=None, all_gather_list_size=16384, balance=False, bpe=None, cpu=False, criterion='cross_entropy', dataset_impl='mmap', destdir='cnn_dm-bin/', empty_cache_freq=0, fp16=False, fp16_init_scale=128, fp16_no_flatten_grads=False, fp16_scale_tolerance=0.0, fp16_scale_window=None, joined_dictionary=False, log_format=None, log_interval=1000, lr_scheduler='fixed', lr_weight=1, memory_efficient_fp16=False, min_loss_scale=0.0001, multi_views=False, no_progress_bar=False, nwordssrc=-1, nwordstgt=-1, only_source=False, optimizer='nag', padding_factor=8, seed=14632, source_lang='source', srcdict='dict.txt', target_lang='target', task='translation', tensorboard_logdir='', testpref=None, tgtdict='dict.txt', threshold_loss_scale=None, thresholdsrc=0, thresholdtgt=0, tokenizer=None, trainpref='../data/train_sent_c99_label.bpe', user_dir=None, validpref='../data/val_sent_c99_label.bpe', workers=60)
[source] Dictionary: 50263 types
[source] ../data/train_sent_c99_label.bpe.source: 10 sents, 448 tokens, 0.0% replaced by <unk>
[source] Dictionary: 50263 types
[source] ../data/val_sent_c99_label.bpe.source: 10 sents, 448 tokens, 0.0% replaced by <unk>
[target] Dictionary: 50263 types
[target] ../data/train_sent_c99_label.bpe.target: 10 sents, 242 tokens, 0.0% replaced by <unk>
[target] Dictionary: 50263 types
[target] ../data/val_sent_c99_label.bpe.target: 10 sents, 242 tokens, 0.0% replaced by <unk>
Wrote preprocessed data to cnn_dm-bin/
Namespace(T=1, align_suffix=None, alignfile=None, all_gather_list_size=16384, balance=False, bpe=None, cpu=False, criterion='cross_entropy', dataset_impl='mmap', destdir='cnn_dm-bin/', empty_cache_freq=0, fp16=False, fp16_init_scale=128, fp16_no_flatten_grads=False, fp16_scale_tolerance=0.0, fp16_scale_window=None, joined_dictionary=False, log_format=None, log_interval=1000, lr_scheduler='fixed', lr_weight=1, memory_efficient_fp16=False, min_loss_scale=0.0001, multi_views=False, no_progress_bar=False, nwordssrc=-1, nwordstgt=-1, only_source=False, optimizer='nag', padding_factor=8, seed=14632, source_lang='source', srcdict='dict.txt', target_lang='target', task='translation', tensorboard_logdir='', testpref=None, tgtdict='dict.txt', threshold_loss_scale=None, thresholdsrc=0, thresholdtgt=0, tokenizer=None, trainpref='../data/train_sent_c99_label.bpe', user_dir=None, validpref='../data/val_sent_c99_label.bpe', workers=60)
[source] Dictionary: 50263 types
[source] ../data/train_sent_c99_label.bpe.source: 50 sents, 2240 tokens, 0.0% replaced by <unk>
[source] Dictionary: 50263 types
[source] ../data/val_sent_c99_label.bpe.source: 50 sents, 2240 tokens, 0.0% replaced by <unk>
[target] Dictionary: 50263 types
[target] ../data/train_sent_c99_label.bpe.target: 50 sents, 1210 tokens, 0.0% replaced by <unk>
[target] Dictionary: 50263 types
[target] ../data/val_sent_c99_label.bpe.target: 50 sents, 1210 tokens, 0.0% replaced by <unk>
Wrote preprocessed data to cnn_dm-bin/
Namespace(T=1, align_suffix=None, alignfile=None, all_gather_list_size=16384, balance=False, bpe=None, cpu=False, criterion='cross_entropy', dataset_impl='mmap', destdir='cnn_dm-bin/', empty_cache_freq=0, fp16=False, fp16_init_scale=128, fp16_no_flatten_grads=False, fp16_scale_tolerance=0.0, fp16_scale_window=None, joined_dictionary=False, log_format=None, log_interval=1000, lr_scheduler='fixed', lr_weight=1, memory_efficient_fp16=False, min_loss_scale=0.0001, multi_views=False, no_progress_bar=False, nwordssrc=-1, nwordstgt=-1, only_source=False, optimizer='nag', padding_factor=8, seed=14632, source_lang='source', srcdict='dict.txt', target_lang='target', task='translation', tensorboard_logdir='', testpref=None, tgtdict='dict.txt', threshold_loss_scale=None, thresholdsrc=0, thresholdtgt=0, tokenizer=None, trainpref='../data/train_sent_c99_label.bpe', user_dir=None, validpref='../data/val_sent_c99_label.bpe', workers=60)
[source] Dictionary: 50263 types
[source] ../data/train_sent_c99_label.bpe.source: 20 sents, 2542 tokens, 0.0% replaced by <unk>
[source] Dictionary: 50263 types
[source] ../data/val_sent_c99_label.bpe.source: 10 sents, 1670 tokens, 0.0% replaced by <unk>
[target] Dictionary: 50263 types
[target] ../data/train_sent_c99_label.bpe.target: 20 sents, 496 tokens, 0.0% replaced by <unk>
[target] Dictionary: 50263 types
[target] ../data/val_sent_c99_label.bpe.target: 10 sents, 243 tokens, 0.0% replaced by <unk>
Wrote preprocessed data to cnn_dm-bin/
Namespace(T=1, align_suffix=None, alignfile=None, all_gather_list_size=16384, balance=False, bpe=None, cpu=False, criterion='cross_entropy', dataset_impl='mmap', destdir='cnn_dm-bin/', empty_cache_freq=0, fp16=False, fp16_init_scale=128, fp16_no_flatten_grads=False, fp16_scale_tolerance=0.0, fp16_scale_window=None, joined_dictionary=False, log_format=None, log_interval=1000, lr_scheduler='fixed', lr_weight=1, memory_efficient_fp16=False, min_loss_scale=0.0001, multi_views=False, no_progress_bar=False, nwordssrc=-1, nwordstgt=-1, only_source=False, optimizer='nag', padding_factor=8, seed=14632, source_lang='source', srcdict='dict.txt', target_lang='target', task='translation', tensorboard_logdir='', testpref=None, tgtdict='dict.txt', threshold_loss_scale=None, thresholdsrc=0, thresholdtgt=0, tokenizer=None, trainpref='../data/train_sent_c99_label.bpe', user_dir=None, validpref='../data/val_sent_c99_label.bpe', workers=60)
[source] Dictionary: 50263 types
[source] ../data/train_sent_c99_label.bpe.source: 13000 sents, 370709 tokens, 0.0% replaced by <unk>
[source] Dictionary: 50263 types
[source] ../data/val_sent_c99_label.bpe.source: 2000 sents, 56858 tokens, 0.0% replaced by <unk>
[target] Dictionary: 50263 types
[target] ../data/train_sent_c99_label.bpe.target: 13000 sents, 205444 tokens, 0.0% replaced by <unk>
[target] Dictionary: 50263 types
[target] ../data/val_sent_c99_label.bpe.target: 2000 sents, 32287 tokens, 0.0% replaced by <unk>
Wrote preprocessed data to cnn_dm-bin/
Namespace(T=1, align_suffix=None, alignfile=None, all_gather_list_size=16384, balance=False, bpe=None, cpu=False, criterion='cross_entropy', dataset_impl='mmap', destdir='cnn_dm-bin/', empty_cache_freq=0, fp16=False, fp16_init_scale=128, fp16_no_flatten_grads=False, fp16_scale_tolerance=0.0, fp16_scale_window=None, joined_dictionary=False, log_format=None, log_interval=1000, lr_scheduler='fixed', lr_weight=1, memory_efficient_fp16=False, min_loss_scale=0.0001, multi_views=False, no_progress_bar=False, nwordssrc=-1, nwordstgt=-1, only_source=False, optimizer='nag', padding_factor=8, seed=14632, source_lang='source', srcdict='dict.txt', target_lang='target', task='translation', tensorboard_logdir='', testpref=None, tgtdict='dict.txt', threshold_loss_scale=None, thresholdsrc=0, thresholdtgt=0, tokenizer=None, trainpref='../data/train_sent_c99_label.bpe', user_dir=None, validpref='../data/val_sent_c99_label.bpe', workers=60)
[source] Dictionary: 50263 types
[source] ../data/train_sent_c99_label.bpe.source: 13000 sents, 370709 tokens, 0.0% replaced by <unk>
[source] Dictionary: 50263 types
[source] ../data/val_sent_c99_label.bpe.source: 2000 sents, 56858 tokens, 0.0% replaced by <unk>
[target] Dictionary: 50263 types
[target] ../data/train_sent_c99_label.bpe.target: 13000 sents, 205444 tokens, 0.0% replaced by <unk>
[target] Dictionary: 50263 types
[target] ../data/val_sent_c99_label.bpe.target: 2000 sents, 32287 tokens, 0.0% replaced by <unk>
Wrote preprocessed data to cnn_dm-bin/
Namespace(T=1, align_suffix=None, alignfile=None, all_gather_list_size=16384, balance=False, bpe=None, cpu=False, criterion='cross_entropy', dataset_impl='mmap', destdir='cnn_dm-bin/', empty_cache_freq=0, fp16=False, fp16_init_scale=128, fp16_no_flatten_grads=False, fp16_scale_tolerance=0.0, fp16_scale_window=None, joined_dictionary=False, log_format=None, log_interval=1000, lr_scheduler='fixed', lr_weight=1, memory_efficient_fp16=False, min_loss_scale=0.0001, multi_views=False, no_progress_bar=False, nwordssrc=-1, nwordstgt=-1, only_source=False, optimizer='nag', padding_factor=8, seed=14632, source_lang='source', srcdict='dict.txt', target_lang='target', task='translation', tensorboard_logdir='', testpref=None, tgtdict='dict.txt', threshold_loss_scale=None, thresholdsrc=0, thresholdtgt=0, tokenizer=None, trainpref='../data/train_sent_c99_label.bpe', user_dir=None, validpref='../data/val_sent_c99_label.bpe', workers=60)
[source] Dictionary: 50263 types
[source] ../data/train_sent_c99_label.bpe.source: 13000 sents, 370709 tokens, 0.0% replaced by <unk>
[source] Dictionary: 50263 types
[source] ../data/val_sent_c99_label.bpe.source: 2000 sents, 56858 tokens, 0.0% replaced by <unk>
[target] Dictionary: 50263 types
[target] ../data/train_sent_c99_label.bpe.target: 13000 sents, 205444 tokens, 0.0% replaced by <unk>
[target] Dictionary: 50263 types
[target] ../data/val_sent_c99_label.bpe.target: 2000 sents, 32287 tokens, 0.0% replaced by <unk>
Wrote preprocessed data to cnn_dm-bin/
